Arguments: 
  /Users/ralphhaynes/.nvm/versions/node/v18.18.0/bin/node /usr/local/Cellar/yarn/1.22.11/libexec/bin/yarn.js publish

PATH: 
  /Users/ralphhaynes/.nvm/versions/node/v18.18.0/bin:/usr/local/opt/icu4c/sbin:/usr/local/opt/icu4c/bin:/usr/local/bin:/usr/bin:/bin:/usr/sbin:/sbin:/Users/ralphhaynes/.nvm/versions/node/v18.18.0/bin:/usr/local/opt/icu4c/sbin:/usr/local/opt/icu4c/bin

Yarn version: 
  1.22.11

Node version: 
  18.18.0

Platform: 
  darwin x64

Trace: 
  Error: https://registry.yarnpkg.com/-/user/org.couchdb.user:camdowney: failed to authenticate: Could not authenticate camdowney: bad password
      at params.callback [as _callback] (/usr/local/Cellar/yarn/1.22.11/libexec/lib/cli.js:66992:18)
      at self.callback (/usr/local/Cellar/yarn/1.22.11/libexec/lib/cli.js:140763:22)
      at Request.emit (node:events:517:28)
      at Request.<anonymous> (/usr/local/Cellar/yarn/1.22.11/libexec/lib/cli.js:141735:10)
      at Request.emit (node:events:517:28)
      at IncomingMessage.<anonymous> (/usr/local/Cellar/yarn/1.22.11/libexec/lib/cli.js:141657:12)
      at Object.onceWrapper (node:events:631:28)
      at IncomingMessage.emit (node:events:529:35)
      at endReadableNT (node:internal/streams/readable:1368:12)
      at process.processTicksAndRejections (node:internal/process/task_queues:82:21)

npm manifest: 
  {
    "name": "@fernui/react",
    "author": "@camdowney",
    "version": "4.1.0",
    "description": "A library of unopinionated, extendable UI components for React.",
    "keywords": [
      "ui",
      "javascript",
      "components",
      "react"
    ],
    "main": "./dist/index.js",
    "peerDependencies": {
      "@fernui/dom-util": "^1.1.1",
      "@fernui/react-core-util": "^2.8.0",
      "@fernui/react-util": "^2.2.0",
      "@fernui/util": "^3.2.0",
      "react": "^18.2.0"
    },
    "devDependencies": {
      "@types/react": "^18.2.28"
    }
  }

yarn manifest: 
  No manifest

Lockfile: 
  No lockfile
